<?xml version="1.0" encoding="UTF-8"?>
<!-- Generated by org.testng.reporters.JUnitReportReporter -->
<testsuite hostname="DESKTOP-SKR045R" name="com.learnAutomation.testcases.RegistrationTest" tests="1" failures="0" timestamp="13 Jun 2021 05:21:39 GMT" time="4.906" errors="0">
  <testcase name="registeraUser" time="4.906" classname="com.learnAutomation.testcases.RegistrationTest"/>
</testsuite> <!-- com.learnAutomation.testcases.RegistrationTest -->
