<?xml version="1.0" encoding="UTF-8"?>
<!-- Generated by org.testng.reporters.JUnitReportReporter -->
<testsuite hostname="DESKTOP-SKR045R" name="com.learnAutomation.testcases.Logintest" tests="1" failures="0" timestamp="9 Jun 2021 08:30:08 GMT" time="13.151" errors="0">
  <testcase name="logintoApp" time="13.151" classname="com.learnAutomation.testcases.Logintest"/>
</testsuite> <!-- com.learnAutomation.testcases.Logintest -->
