<?xml version="1.0" encoding="UTF-8"?>
<!-- Generated by org.testng.reporters.JUnitReportReporter -->
<testsuite hostname="DESKTOP-SKR045R" name="com.learnAutomation.testcases.RegistrationTest" tests="1" failures="0" timestamp="13 Jun 2021 15:22:13 GMT" time="9.922" errors="0">
  <testcase name="registeraUser" time="9.922" classname="com.learnAutomation.testcases.RegistrationTest"/>
</testsuite> <!-- com.learnAutomation.testcases.RegistrationTest -->
